SF:lib\core\theme\app_theme.dart
DA:33,0
DA:34,0
DA:36,0
DA:61,0
DA:64,0
DA:65,0
DA:66,0
DA:71,0
DA:72,0
DA:77,0
DA:78,0
DA:88,0
DA:89,0
DA:93,0
DA:94,0
DA:104,0
DA:107,0
DA:108,0
DA:109,0
DA:111,0
DA:112,0
DA:113,0
DA:115,0
DA:116,0
DA:119,0
DA:120,0
DA:166,0
DA:167,0
DA:169,0
LF:29
LH:0
end_of_record
SF:lib\features\onboarding\domain\entities\goal_type.dart
DA:6,1
DA:8,1
DA:10,1
DA:12,1
DA:17,1
DA:19,1
DA:21,1
DA:23,1
DA:41,0
DA:43,0
DA:45,0
DA:47,0
DA:49,0
DA:51,0
DA:53,0
DA:55,0
DA:57,0
DA:59,0
DA:61,0
LF:19
LH:8
end_of_record
SF:lib\features\onboarding\presentation\widgets\goal_card.dart
DA:10,1
DA:15,1
DA:17,1
DA:18,1
DA:19,1
DA:21,1
DA:23,1
DA:28,1
DA:30,1
DA:31,1
DA:32,1
DA:33,1
DA:34,1
DA:35,1
DA:39,1
DA:40,1
DA:41,1
DA:42,1
DA:44,1
DA:45,1
DA:47,1
DA:50,1
DA:51,1
DA:52,1
DA:53,1
DA:54,1
DA:56,1
DA:57,1
DA:58,2
DA:66,1
DA:67,1
DA:69,1
DA:70,1
DA:71,2
DA:72,4
DA:73,1
DA:80,1
DA:81,1
DA:82,3
DA:89,1
DA:90,1
LF:41
LH:41
end_of_record
SF:lib\features\onboarding\data\models\user_profile.dart
DA:37,0
DA:38,0
DA:42,0
DA:43,0
DA:46,0
DA:49,0
DA:50,0
DA:51,0
DA:54,0
DA:55,0
DA:56,0
LF:11
LH:0
end_of_record
SF:lib\core\services\database\isar_service.dart
DA:13,0
DA:14,0
DA:16,0
DA:19,0
DA:24,0
DA:25,0
DA:27,0
DA:30,0
DA:33,0
DA:34,0
DA:39,0
DA:47,0
DA:48,0
LF:13
LH:0
end_of_record
SF:lib\core\services\storage\secure_storage_service.dart
DA:10,0
DA:11,0
DA:12,0
DA:15,0
DA:16,0
DA:18,0
DA:22,0
DA:23,0
DA:26,0
DA:27,0
DA:30,0
DA:31,0
LF:12
LH:0
end_of_record
SF:lib\features\onboarding\data\repositories\profile_repository.dart
DA:6,0
DA:7,0
DA:8,0
DA:9,0
DA:10,0
DA:11,0
DA:14,0
DA:15,0
DA:16,0
DA:17,0
DA:21,0
DA:22,0
DA:23,0
DA:26,0
DA:27,0
DA:28,0
DA:30,0
DA:31,0
DA:36,0
DA:37,0
DA:38,0
DA:41,0
DA:42,0
LF:23
LH:0
end_of_record
SF:lib\features\onboarding\presentation\providers\onboarding_provider.dart
DA:23,0
DA:38,0
DA:52,0
DA:53,0
DA:54,0
DA:55,0
DA:56,0
DA:57,0
DA:58,0
DA:59,0
DA:60,0
DA:61,0
DA:62,0
DA:63,0
DA:74,0
DA:75,0
DA:77,0
DA:78,0
DA:81,0
DA:82,0
DA:85,0
DA:86,0
DA:89,0
DA:90,0
DA:93,0
DA:94,0
DA:97,0
DA:98,0
DA:101,0
DA:102,0
DA:103,0
DA:104,0
DA:106,0
DA:108,0
DA:111,0
DA:112,0
DA:115,0
DA:116,0
DA:119,0
DA:120,0
DA:121,0
DA:125,0
DA:127,0
DA:130,0
DA:131,0
DA:132,0
DA:133,0
DA:134,0
DA:135,0
DA:136,0
DA:137,0
DA:138,0
DA:139,0
DA:142,0
DA:145,0
DA:146,0
DA:148,0
DA:151,0
DA:153,0
DA:159,0
DA:160,0
DA:163,0
DA:164,0
DA:165,0
DA:166,0
DA:169,0
DA:170,0
DA:171,0
DA:177,0
DA:178,0
DA:183,0
DA:184,0
DA:187,0
DA:188,0
DA:191,0
DA:192,0
DA:193,0
DA:194,0
DA:195,0
LF:79
LH:0
end_of_record
SF:lib\core\widgets\common_widgets.dart
DA:11,0
DA:18,0
DA:20,0
DA:22,0
DA:23,0
DA:24,0
DA:25,0
DA:26,0
DA:27,0
DA:28,0
DA:34,0
DA:36,0
DA:37,0
DA:38,0
DA:39,0
DA:41,0
DA:42,0
DA:51,0
DA:53,0
DA:54,0
DA:55,0
DA:58,0
DA:59,0
DA:81,0
DA:86,0
DA:88,0
DA:90,0
DA:91,0
DA:92,0
DA:93,0
DA:94,0
DA:95,0
DA:96,0
DA:97,0
DA:98,0
DA:100,0
DA:102,0
DA:104,0
DA:106,0
DA:125,0
DA:131,0
DA:133,0
DA:135,0
DA:136,0
DA:138,0
DA:140,0
DA:141,0
DA:142,0
DA:147,0
DA:148,0
DA:149,0
DA:153,0
DA:154,0
DA:155,0
DA:158,0
DA:160,0
LF:56
LH:0
end_of_record
SF:lib\features\onboarding\presentation\screens\baseline_screen.dart
DA:11,0
DA:13,0
DA:14,0
DA:33,0
DA:35,0
DA:36,0
DA:39,0
DA:40,0
DA:41,0
DA:42,0
DA:43,0
DA:44,0
DA:45,0
DA:46,0
DA:49,0
DA:51,0
DA:52,0
DA:53,0
DA:54,0
DA:55,0
DA:58,0
DA:59,0
DA:60,0
DA:63,0
DA:64,0
DA:65,0
DA:68,0
DA:69,0
DA:70,0
DA:72,0
DA:73,0
DA:74,0
DA:75,0
DA:78,0
DA:79,0
DA:82,0
DA:83,0
DA:84,0
DA:90,0
DA:92,0
DA:94,0
DA:95,0
DA:96,0
DA:98,0
DA:101,0
DA:102,0
DA:103,0
DA:104,0
DA:106,0
DA:108,0
DA:110,0
DA:113,0
DA:115,0
DA:122,0
DA:123,0
DA:126,0
DA:127,0
DA:134,0
DA:135,0
DA:136,0
DA:139,0
DA:140,0
DA:148,0
DA:149,0
DA:150,0
DA:151,0
DA:152,0
DA:159,0
DA:160,0
DA:162,0
DA:163,0
DA:166,0
DA:167,0
DA:175,0
DA:176,0
DA:177,0
DA:184,0
DA:185,0
DA:186,0
DA:189,0
DA:190,0
DA:203,0
DA:204,0
DA:207,0
DA:208,0
DA:215,0
DA:216,0
DA:217,0
DA:220,0
DA:221,0
DA:231,0
DA:232,0
DA:233,0
DA:235,0
DA:239,0
DA:241,0
DA:244,0
DA:245,0
DA:246,0
DA:247,0
DA:249,0
DA:250,0
DA:252,0
DA:255,0
DA:258,0
DA:261,0
DA:263,0
DA:264,0
DA:275,0
DA:276,0
DA:278,0
LF:111
LH:0
end_of_record
SF:lib\features\onboarding\presentation\screens\quit_date_screen.dart
DA:10,1
DA:12,0
DA:13,0
DA:20,0
DA:22,0
DA:23,0
DA:26,0
DA:27,0
DA:28,0
DA:30,0
DA:33,0
DA:34,0
DA:35,0
DA:36,0
DA:37,0
DA:38,0
DA:39,0
DA:40,0
DA:41,0
DA:52,0
DA:53,0
DA:55,0
DA:59,0
DA:60,0
DA:61,0
DA:70,0
DA:72,0
DA:75,0
DA:76,0
DA:77,0
DA:79,0
DA:82,0
DA:83,0
DA:84,0
DA:85,0
DA:93,0
DA:94,0
DA:95,0
DA:96,0
DA:99,0
DA:101,0
DA:103,0
DA:104,0
DA:105,0
DA:107,0
DA:110,0
DA:111,0
DA:113,0
DA:114,0
DA:116,0
DA:118,0
DA:120,0
DA:122,0
DA:125,0
DA:127,0
DA:134,0
DA:135,0
DA:136,0
DA:137,0
DA:139,0
DA:140,0
DA:141,0
DA:144,0
DA:146,0
DA:148,0
DA:150,0
DA:151,0
DA:152,0
DA:159,0
DA:160,0
DA:170,0
DA:171,0
DA:173,0
DA:181,0
DA:182,0
DA:191,0
DA:200,0
DA:203,0
DA:205,0
DA:207,0
DA:209,0
DA:212,0
DA:213,0
DA:214,0
DA:215,0
DA:217,0
DA:218,0
DA:219,0
DA:221,0
DA:223,0
DA:226,0
DA:230,0
DA:232,0
DA:235,0
DA:238,0
DA:239,0
DA:242,0
DA:247,0
DA:250,0
DA:251,0
DA:252,0
DA:254,0
DA:255,0
DA:261,0
DA:262,0
DA:264,0
DA:272,0
DA:275,0
DA:277,0
DA:279,0
DA:281,0
DA:292,0
DA:293,0
DA:296,0
DA:301,0
DA:304,0
DA:309,0
LF:117
LH:1
end_of_record
SF:lib\features\tracking\presentation\screens\dashboard_screen.dart
DA:6,1
DA:8,0
DA:10,0
DA:11,0
DA:13,0
DA:14,0
DA:16,0
DA:22,0
DA:23,0
DA:25,0
DA:26,0
DA:32,0
DA:34,0
LF:13
LH:1
end_of_record
